<?xml version="1.0" encoding="UTF-8"?>
<robot generator="Robot 4.1.3 (Python 3.10.1 on win32)" generated="20220122 14:53:31.193" rpa="false" schemaversion="2">
<suite id="s1" name="Addtocart Tc03" source="C:\Users\user\PycharmProjects\NewAutomation\testCases\addtocart_tc03.robot">
<test id="s1-t1" name="SearchProduct1">
<kw name="Search the product">
<arg>I phone 13</arg>
<kw name="Set Selenium Implicit Wait" library="SeleniumLibrary">
<arg>30</arg>
<doc>Sets the implicit wait value used by Selenium.</doc>
<status status="PASS" starttime="20220122 14:53:31.679" endtime="20220122 14:53:31.679"/>
</kw>
<kw name="Open My Browser" library="addtocart_resources">
<kw name="Open Browser" library="SeleniumLibrary">
<arg>${Loginurl}</arg>
<arg>${Browser}</arg>
<doc>Opens a new browser instance to the optional ``url``.</doc>
<msg timestamp="20220122 14:53:31.679" level="INFO">Opening browser 'Chrome' to base url 'https://www.flipkart.com/'.</msg>
<status status="PASS" starttime="20220122 14:53:31.679" endtime="20220122 14:53:36.870"/>
</kw>
<kw name="Maximize Browser Window" library="SeleniumLibrary">
<doc>Maximizes current browser window.</doc>
<status status="PASS" starttime="20220122 14:53:36.870" endtime="20220122 14:53:37.125"/>
</kw>
<status status="PASS" starttime="20220122 14:53:31.679" endtime="20220122 14:53:37.125"/>
</kw>
<kw name="LoginIntoApplication">
<kw name="Input Text" library="SeleniumLibrary">
<arg>xpath://*[@class='_2IX_2- VJZDxU']</arg>
<arg>pswapnil032@gmail.com</arg>
<doc>Types the given ``text`` into the text field identified by ``locator``.</doc>
<msg timestamp="20220122 14:53:37.125" level="INFO">Typing text 'pswapnil032@gmail.com' into text field 'xpath://*[@class='_2IX_2- VJZDxU']'.</msg>
<status status="PASS" starttime="20220122 14:53:37.125" endtime="20220122 14:53:37.550"/>
</kw>
<kw name="Input Text" library="SeleniumLibrary">
<arg>xpath://*[@class='_2IX_2- _3mctLh VJZDxU']</arg>
<arg>swapnil123</arg>
<doc>Types the given ``text`` into the text field identified by ``locator``.</doc>
<msg timestamp="20220122 14:53:37.555" level="INFO">Typing text 'swapnil123' into text field 'xpath://*[@class='_2IX_2- _3mctLh VJZDxU']'.</msg>
<status status="PASS" starttime="20220122 14:53:37.555" endtime="20220122 14:53:37.781"/>
</kw>
<kw name="Click Button" library="SeleniumLibrary">
<arg>xpath://*[@class='_2KpZ6l _2HKlqd _3AWRsL']</arg>
<doc>Clicks the button identified by ``locator``.</doc>
<msg timestamp="20220122 14:53:37.785" level="INFO">Clicking button 'xpath://*[@class='_2KpZ6l _2HKlqd _3AWRsL']'.</msg>
<status status="PASS" starttime="20220122 14:53:37.781" endtime="20220122 14:53:37.932"/>
</kw>
<kw name="Sleep" library="BuiltIn">
<arg>2</arg>
<doc>Pauses the test executed for the given time.</doc>
<msg timestamp="20220122 14:53:39.941" level="INFO">Slept 2 seconds</msg>
<status status="PASS" starttime="20220122 14:53:37.932" endtime="20220122 14:53:39.941"/>
</kw>
<status status="PASS" starttime="20220122 14:53:37.125" endtime="20220122 14:53:39.941"/>
</kw>
<kw name="Search For Product" library="addtocart_resources">
<arg>${products}</arg>
<kw name="Input Text" library="SeleniumLibrary">
<arg>${search_bar_input}</arg>
<arg>${products}</arg>
<doc>Types the given ``text`` into the text field identified by ``locator``.</doc>
<msg timestamp="20220122 14:53:39.941" level="INFO">Typing text 'I phone 13' into text field 'xpath://*[@class ='_3704LK']'.</msg>
<status status="PASS" starttime="20220122 14:53:39.941" endtime="20220122 14:53:40.220"/>
</kw>
<status status="PASS" starttime="20220122 14:53:39.941" endtime="20220122 14:53:40.220"/>
</kw>
<kw name="Search Button" library="addtocart_resources">
<kw name="Click Element" library="SeleniumLibrary">
<arg>${searchButton}</arg>
<doc>Click the element identified by ``locator``.</doc>
<msg timestamp="20220122 14:53:40.223" level="INFO">Clicking element 'xpath://*[@class='L0Z3Pu']'.</msg>
<status status="PASS" starttime="20220122 14:53:40.223" endtime="20220122 14:53:40.337"/>
</kw>
<status status="PASS" starttime="20220122 14:53:40.220" endtime="20220122 14:53:40.337"/>
</kw>
<kw name="Product Screen" library="addtocart_resources">
<arg>${products} # Assertion</arg>
<kw name="Page Should Contain" library="SeleniumLibrary">
<arg>${products}</arg>
<doc>Verifies that current page contains ``text``.</doc>
<msg timestamp="20220122 14:54:36.805" level="WARN">Keyword 'Capture Page Screenshot' could not be run on failure: Message: chrome not reachable
  (Session info: chrome=97.0.4692.71)
Stacktrace:
Backtrace:
	Ordinal0 [0x00766903+2517251]
	Ordinal0 [0x006FF8E1+2095329]
	Ordinal0 [0x00602710+1058576]
	Ordinal0 [0x005F76A4+1013412]
	Ordinal0 [0x005F7EA8+1015464]
	Ordinal0 [0x005F9695+1021589]
	Ordinal0 [0x005F3686+996998]
	Ordinal0 [0x00603A60+1063520]
	Ordinal0 [0x00655382+1397634]
	Ordinal0 [0x0064639B+1336219]
	Ordinal0 [0x006227A7+1189799]
	Ordinal0 [0x00623609+1193481]
	GetHandleVerifier [0x008F5904+1577972]
	GetHandleVerifier [0x009A0B97+2279047]
	GetHandleVerifier [0x007F6D09+534521]
	GetHandleVerifier [0x007F5DB9+530601]
	Ordinal0 [0x00704FF9+2117625]
	Ordinal0 [0x007098A8+2136232]
	Ordinal0 [0x007099E2+2136546]
	Ordinal0 [0x00713541+2176321]
	BaseThreadInitThunk [0x767AFA29+25]
	RtlGetAppContainerNamedObjectPath [0x77337A9E+286]
	RtlGetAppContainerNamedObjectPath [0x77337A6E+238]
</msg>
<msg timestamp="20220122 14:54:36.814" level="FAIL">WebDriverException: Message: chrome not reachable
  (Session info: chrome=97.0.4692.71)
Stacktrace:
Backtrace:
	Ordinal0 [0x00766903+2517251]
	Ordinal0 [0x006FF8E1+2095329]
	Ordinal0 [0x00602710+1058576]
	Ordinal0 [0x005F76A4+1013412]
	Ordinal0 [0x005F7EA8+1015464]
	Ordinal0 [0x005F9695+1021589]
	Ordinal0 [0x005F3686+996998]
	Ordinal0 [0x00603A60+1063520]
	Ordinal0 [0x00655382+1397634]
	Ordinal0 [0x0064639B+1336219]
	Ordinal0 [0x006227A7+1189799]
	Ordinal0 [0x00623609+1193481]
	GetHandleVerifier [0x008F5904+1577972]
	GetHandleVerifier [0x009A0B97+2279047]
	GetHandleVerifier [0x007F6D09+534521]
	GetHandleVerifier [0x007F5DB9+530601]
	Ordinal0 [0x00704FF9+2117625]
	Ordinal0 [0x007098A8+2136232]
	Ordinal0 [0x007099E2+2136546]
	Ordinal0 [0x00713541+2176321]
	BaseThreadInitThunk [0x767AFA29+25]
	RtlGetAppContainerNamedObjectPath [0x77337A9E+286]
	RtlGetAppContainerNamedObjectPath [0x77337A6E+238]
</msg>
<status status="FAIL" starttime="20220122 14:53:40.337" endtime="20220122 14:54:36.818"/>
</kw>
<status status="FAIL" starttime="20220122 14:53:40.337" endtime="20220122 14:54:36.818"/>
</kw>
<kw name="First product" library="addtocart_resources">
<status status="NOT RUN" starttime="20220122 14:54:36.818" endtime="20220122 14:54:36.818"/>
</kw>
<kw name="Add to Cart" library="addtocart_resources">
<status status="NOT RUN" starttime="20220122 14:54:36.818" endtime="20220122 14:54:36.818"/>
</kw>
<kw name="Sleep" library="BuiltIn">
<arg>2</arg>
<doc>Pauses the test executed for the given time.</doc>
<status status="NOT RUN" starttime="20220122 14:54:36.818" endtime="20220122 14:54:36.818"/>
</kw>
<kw name="Close All Browsers" library="SeleniumLibrary">
<doc>Closes all open browsers and resets the browser cache.</doc>
<status status="NOT RUN" starttime="20220122 14:54:36.818" endtime="20220122 14:54:36.818"/>
</kw>
<status status="FAIL" starttime="20220122 14:53:31.675" endtime="20220122 14:54:36.818"/>
</kw>
<status status="FAIL" starttime="20220122 14:53:31.675" endtime="20220122 14:54:36.822">WebDriverException: Message: chrome not reachable
  (Session info: chrome=97.0.4692.71)
Stacktrace:
Backtrace:
	Ordinal0 [0x00766903+2517251]
	Ordinal0 [0x006FF8E1+2095329]
	Ordinal0 [0x00602710+1058576]
	Ordinal0 [0x005F76A4+1013412]
	Ordinal0 [0x005F7EA8+1015464]
	Ordinal0 [0x005F9695+1021589]
	Ordinal0 [0x005F3686+996998]
	Ordinal0 [0x00603A60+1063520]
	Ordinal0 [0x00655382+1397634]
	Ordinal0 [0x0064639B+1336219]
	Ordinal0 [0x006227A7+1189799]
	Ordinal0 [0x00623609+1193481]
	GetHandleVerifier [0x008F5904+1577972]
	GetHandleVerifier [0x009A0B97+2279047]
	GetHandleVerifier [0x007F6D09+534521]
	GetHandleVerifier [0x007F5DB9+530601]
	Ordinal0 [0x00704FF9+2117625]
	Ordinal0 [0x007098A8+2136232]
	Ordinal0 [0x007099E2+2136546]
	Ordinal0 [0x00713541+2176321]
	BaseThreadInitThunk [0x767AFA29+25]
	RtlGetAppContainerNamedObjectPath [0x77337A9E+286]
	RtlGetAppContainerNamedObjectPath [0x77337A6E+238]
</status>
</test>
<status status="FAIL" starttime="20220122 14:53:31.197" endtime="20220122 14:54:36.826"/>
</suite>
<statistics>
<total>
<stat pass="0" fail="1" skip="0">All Tests</stat>
</total>
<tag>
</tag>
<suite>
<stat pass="0" fail="1" skip="0" id="s1" name="Addtocart Tc03">Addtocart Tc03</stat>
</suite>
</statistics>
<errors>
<msg timestamp="20220122 14:54:36.805" level="WARN">Keyword 'Capture Page Screenshot' could not be run on failure: Message: chrome not reachable
  (Session info: chrome=97.0.4692.71)
Stacktrace:
Backtrace:
	Ordinal0 [0x00766903+2517251]
	Ordinal0 [0x006FF8E1+2095329]
	Ordinal0 [0x00602710+1058576]
	Ordinal0 [0x005F76A4+1013412]
	Ordinal0 [0x005F7EA8+1015464]
	Ordinal0 [0x005F9695+1021589]
	Ordinal0 [0x005F3686+996998]
	Ordinal0 [0x00603A60+1063520]
	Ordinal0 [0x00655382+1397634]
	Ordinal0 [0x0064639B+1336219]
	Ordinal0 [0x006227A7+1189799]
	Ordinal0 [0x00623609+1193481]
	GetHandleVerifier [0x008F5904+1577972]
	GetHandleVerifier [0x009A0B97+2279047]
	GetHandleVerifier [0x007F6D09+534521]
	GetHandleVerifier [0x007F5DB9+530601]
	Ordinal0 [0x00704FF9+2117625]
	Ordinal0 [0x007098A8+2136232]
	Ordinal0 [0x007099E2+2136546]
	Ordinal0 [0x00713541+2176321]
	BaseThreadInitThunk [0x767AFA29+25]
	RtlGetAppContainerNamedObjectPath [0x77337A9E+286]
	RtlGetAppContainerNamedObjectPath [0x77337A6E+238]
</msg>
</errors>
</robot>
